<?xml version="1.0" encoding="UTF-8"?>
<!-- Generated by org.testng.reporters.JUnitXMLReporter -->
<testsuite ignored="0" hostname="LAPTOP-D8A5FL4O" failures="2" tests="7" name="API Testing" time="20.255" errors="0" timestamp="2025-09-04T23:27:16 IST">
  <testcase classname="com.demoblaze.tests.ApiTest" name="testApiConnectivity" time="0.812"/>
  <testcase classname="com.demoblaze.tests.ApiTest" name="testApiErrorHandling" time="0.497"/>
  <testcase classname="com.demoblaze.tests.ApiTest" name="testApiResponseHeaders" time="0.551"/>
  <testcase classname="com.demoblaze.tests.ApiTest" name="testCartApiEndpoint" time="0.511"/>
  <testcase classname="com.demoblaze.tests.ApiTest" name="testProductsApiEndpoint" time="0.52"/>
  <testcase classname="com.demoblaze.tests.ApiTest" name="testUserLoginApi" time="0.398">
    <failure type="java.lang.AssertionError" message="Unexpected response code for user login API: 411">
      <![CDATA[java.lang.AssertionError: Unexpected response code for user login API: 411
at com.demoblaze.tests.ApiTest.testUserLoginApi(ApiTest.java:120)
at java.base/java.util.ArrayList.forEach(ArrayList.java:1604)
... Removed 26 stack frames]]>
    </failure>
  </testcase> <!-- testUserLoginApi -->
  <testcase classname="com.demoblaze.tests.ApiTest" name="testUserRegistrationApi" time="0.459">
    <failure type="java.lang.AssertionError" message="Unexpected response code for user registration API: 411">
      <![CDATA[java.lang.AssertionError: Unexpected response code for user registration API: 411
at com.demoblaze.tests.ApiTest.testUserRegistrationApi(ApiTest.java:89)
at java.base/java.util.ArrayList.forEach(ArrayList.java:1604)
... Removed 26 stack frames]]>
    </failure>
  </testcase> <!-- testUserRegistrationApi -->
</testsuite> <!-- API Testing -->
