<?xml version="1.0" encoding="UTF-8"?>
<!-- Generated by org.testng.reporters.JUnitXMLReporter -->
<testsuite ignored="0" hostname="LAPTOP-D8A5FL4O" failures="1" tests="10" name="Performance Testing" time="91.154" errors="0" timestamp="2025-09-04T23:26:56 IST">
  <testcase classname="com.demoblaze.tests.PerformanceTest" name="testAddToCartPerformance" time="4.069">
    <failure type="java.lang.AssertionError" message="Add to cart operation too slow: 2143ms expected [true] but found [false]">
      <![CDATA[java.lang.AssertionError: Add to cart operation too slow: 2143ms expected [true] but found [false]
at com.demoblaze.tests.PerformanceTest.testAddToCartPerformance(PerformanceTest.java:139)
at java.base/java.util.ArrayList.forEach(ArrayList.java:1604)
... Removed 28 stack frames]]>
    </failure>
  </testcase> <!-- testAddToCartPerformance -->
  <testcase classname="com.demoblaze.tests.PerformanceTest" name="testCartPageLoadTime" time="0.0">
    <skipped/>
  </testcase> <!-- testCartPageLoadTime -->
  <testcase classname="com.demoblaze.tests.PerformanceTest" name="testConcurrentOperations" time="0.0">
    <skipped/>
  </testcase> <!-- testConcurrentOperations -->
  <testcase classname="com.demoblaze.tests.PerformanceTest" name="testMemoryUsage" time="0.0">
    <skipped/>
  </testcase> <!-- testMemoryUsage -->
  <testcase classname="com.demoblaze.tests.PerformanceTest" name="testModalOpenTime" time="0.0">
    <skipped/>
  </testcase> <!-- testModalOpenTime -->
  <testcase classname="com.demoblaze.tests.PerformanceTest" name="testNavigationPerformance" time="0.001">
    <skipped/>
  </testcase> <!-- testNavigationPerformance -->
  <testcase classname="com.demoblaze.tests.PerformanceTest" name="testPageLoadTime" time="0.0">
    <skipped/>
  </testcase> <!-- testPageLoadTime -->
  <testcase classname="com.demoblaze.tests.PerformanceTest" name="testProductPageLoadTime" time="0.0">
    <skipped/>
  </testcase> <!-- testProductPageLoadTime -->
  <testcase classname="com.demoblaze.tests.PerformanceTest" name="testUserLoginPerformance" time="0.0">
    <skipped/>
  </testcase> <!-- testUserLoginPerformance -->
  <testcase classname="com.demoblaze.tests.PerformanceTest" name="testUserRegistrationPerformance" time="0.0">
    <skipped/>
  </testcase> <!-- testUserRegistrationPerformance -->
</testsuite> <!-- Performance Testing -->
