<?xml version="1.0" encoding="UTF-8"?>
<!-- Generated by org.testng.reporters.JUnitXMLReporter -->
<testsuite ignored="0" hostname="LAPTOP-D8A5FL4O" failures="0" tests="8" name="User Management Tests" time="135.767" errors="0" timestamp="2025-09-04T23:21:53 IST">
  <testcase classname="com.demoblaze.tests.UserManagementTest" name="testMultipleUserSessions" time="17.158"/>
  <testcase classname="com.demoblaze.tests.UserManagementTest" name="testUserCartAccess" time="8.935"/>
  <testcase classname="com.demoblaze.tests.UserManagementTest" name="testUserLoginWithValidCredentials" time="8.221"/>
  <testcase classname="com.demoblaze.tests.UserManagementTest" name="testUserLogout" time="29.128"/>
  <testcase classname="com.demoblaze.tests.UserManagementTest" name="testUserProfileInformationDisplay" time="8.575"/>
  <testcase classname="com.demoblaze.tests.UserManagementTest" name="testUserPurchaseCapability" time="12.852"/>
  <testcase classname="com.demoblaze.tests.UserManagementTest" name="testUserRegistrationWithUniqueUsername" time="8.652"/>
  <testcase classname="com.demoblaze.tests.UserManagementTest" name="testUserSessionPersistence" time="11.633"/>
</testsuite> <!-- User Management Tests -->
