<?xml version="1.0" encoding="UTF-8"?>
<!-- Generated by org.testng.reporters.JUnitXMLReporter -->
<testsuite ignored="0" hostname="LAPTOP-D8A5FL4O" failures="0" tests="8" name="User Management Tests" time="130.336" errors="0" timestamp="2025-09-04T23:10:38 IST">
  <testcase classname="com.demoblaze.tests.UserManagementTest" name="testMultipleUserSessions" time="16.674"/>
  <testcase classname="com.demoblaze.tests.UserManagementTest" name="testUserCartAccess" time="8.728"/>
  <testcase classname="com.demoblaze.tests.UserManagementTest" name="testUserLoginWithValidCredentials" time="7.815"/>
  <testcase classname="com.demoblaze.tests.UserManagementTest" name="testUserLogout" time="28.895"/>
  <testcase classname="com.demoblaze.tests.UserManagementTest" name="testUserProfileInformationDisplay" time="8.183"/>
  <testcase classname="com.demoblaze.tests.UserManagementTest" name="testUserPurchaseCapability" time="11.664"/>
  <testcase classname="com.demoblaze.tests.UserManagementTest" name="testUserRegistrationWithUniqueUsername" time="8.448"/>
  <testcase classname="com.demoblaze.tests.UserManagementTest" name="testUserSessionPersistence" time="10.821"/>
</testsuite> <!-- User Management Tests -->
