<?xml version="1.0" encoding="UTF-8"?>
<!-- Generated by org.testng.reporters.JUnitXMLReporter -->
<testsuite ignored="0" hostname="LAPTOP-D8A5FL4O" failures="0" tests="2" name="SignUpAndLogin" time="14.101" errors="0" timestamp="2025-09-04T03:07:40 IST">
  <testcase classname="com.demoblaze.tests.SignUpTest" name="testValidUserRegistration" time="2.685"/>
  <testcase classname="com.demoblaze.tests.SignUpTest" name="testLoginAfterRegistration" time="4.904"/>
</testsuite> <!-- SignUpAndLogin -->
