<?xml version="1.0" encoding="UTF-8"?>
<testng-results ignored="0" total="6" passed="5" failed="1" skipped="0">
  <reporter-output>
  </reporter-output>
  <suite started-at="2025-09-04T23:01:03 IST" name="Surefire suite" finished-at="2025-09-04T23:01:39 IST" duration-ms="35358">
    <groups>
    </groups>
    <test started-at="2025-09-04T23:01:03 IST" name="Surefire test" finished-at="2025-09-04T23:01:39 IST" duration-ms="35358">
      <class name="com.demoblaze.tests.NavigationTest">
        <test-method is-config="true" signature="setUp(java.lang.String)[pri:0, instance:com.demoblaze.tests.NavigationTest@6ac13091]" started-at="2025-09-04T23:01:03 IST" name="setUp" finished-at="2025-09-04T23:01:06 IST" duration-ms="3190" status="PASS">
          <params>
            <param index="0">
              <value is-null="true"/>
            </param>
          </params>
          <reporter-output>
          </reporter-output>
        </test-method> <!-- setUp -->
        <test-method signature="testBackNavigation()[pri:0, instance:com.demoblaze.tests.NavigationTest@6ac13091]" started-at="2025-09-04T23:01:06 IST" name="testBackNavigation" description="TC_NAV_006: Verify back navigation - Test browser back functionality" finished-at="2025-09-04T23:01:08 IST" duration-ms="1958" status="PASS">
          <reporter-output>
          </reporter-output>
        </test-method> <!-- testBackNavigation -->
        <test-method is-config="true" signature="tearDown()[pri:0, instance:com.demoblaze.tests.NavigationTest@6ac13091]" started-at="2025-09-04T23:01:08 IST" name="tearDown" finished-at="2025-09-04T23:01:09 IST" duration-ms="184" status="PASS">
          <reporter-output>
          </reporter-output>
        </test-method> <!-- tearDown -->
        <test-method is-config="true" signature="setUp(java.lang.String)[pri:0, instance:com.demoblaze.tests.NavigationTest@6ac13091]" started-at="2025-09-04T23:01:09 IST" name="setUp" finished-at="2025-09-04T23:01:11 IST" duration-ms="2203" status="PASS">
          <params>
            <param index="0">
              <value is-null="true"/>
            </param>
          </params>
          <reporter-output>
          </reporter-output>
        </test-method> <!-- setUp -->
        <test-method signature="testCartPageNavigation()[pri:0, instance:com.demoblaze.tests.NavigationTest@6ac13091]" started-at="2025-09-04T23:01:11 IST" name="testCartPageNavigation" description="TC_NAV_004: Verify cart page navigation - Test navigation to cart page" finished-at="2025-09-04T23:01:12 IST" duration-ms="1100" status="PASS">
          <reporter-output>
          </reporter-output>
        </test-method> <!-- testCartPageNavigation -->
        <test-method is-config="true" signature="tearDown()[pri:0, instance:com.demoblaze.tests.NavigationTest@6ac13091]" started-at="2025-09-04T23:01:12 IST" name="tearDown" finished-at="2025-09-04T23:01:12 IST" duration-ms="204" status="PASS">
          <reporter-output>
          </reporter-output>
        </test-method> <!-- tearDown -->
        <test-method is-config="true" signature="setUp(java.lang.String)[pri:0, instance:com.demoblaze.tests.NavigationTest@6ac13091]" started-at="2025-09-04T23:01:12 IST" name="setUp" finished-at="2025-09-04T23:01:14 IST" duration-ms="2140" status="PASS">
          <params>
            <param index="0">
              <value is-null="true"/>
            </param>
          </params>
          <reporter-output>
          </reporter-output>
        </test-method> <!-- setUp -->
        <test-method signature="testCategoryNavigation()[pri:0, instance:com.demoblaze.tests.NavigationTest@6ac13091]" started-at="2025-09-04T23:01:14 IST" name="testCategoryNavigation" description="TC_NAV_002: Verify category navigation - Test navigation to different product categories" finished-at="2025-09-04T23:01:16 IST" duration-ms="1859" status="PASS">
          <reporter-output>
          </reporter-output>
        </test-method> <!-- testCategoryNavigation -->
        <test-method is-config="true" signature="tearDown()[pri:0, instance:com.demoblaze.tests.NavigationTest@6ac13091]" started-at="2025-09-04T23:01:16 IST" name="tearDown" finished-at="2025-09-04T23:01:16 IST" duration-ms="215" status="PASS">
          <reporter-output>
          </reporter-output>
        </test-method> <!-- tearDown -->
        <test-method is-config="true" signature="setUp(java.lang.String)[pri:0, instance:com.demoblaze.tests.NavigationTest@6ac13091]" started-at="2025-09-04T23:01:16 IST" name="setUp" finished-at="2025-09-04T23:01:19 IST" duration-ms="2244" status="PASS">
          <params>
            <param index="0">
              <value is-null="true"/>
            </param>
          </params>
          <reporter-output>
          </reporter-output>
        </test-method> <!-- setUp -->
        <test-method signature="testHomePageNavigation()[pri:0, instance:com.demoblaze.tests.NavigationTest@6ac13091]" started-at="2025-09-04T23:01:19 IST" name="testHomePageNavigation" description="TC_NAV_001: Verify home page navigation - Test navigation to home page" finished-at="2025-09-04T23:01:19 IST" duration-ms="510" status="PASS">
          <reporter-output>
          </reporter-output>
        </test-method> <!-- testHomePageNavigation -->
        <test-method is-config="true" signature="tearDown()[pri:0, instance:com.demoblaze.tests.NavigationTest@6ac13091]" started-at="2025-09-04T23:01:19 IST" name="tearDown" finished-at="2025-09-04T23:01:19 IST" duration-ms="191" status="PASS">
          <reporter-output>
          </reporter-output>
        </test-method> <!-- tearDown -->
        <test-method is-config="true" signature="setUp(java.lang.String)[pri:0, instance:com.demoblaze.tests.NavigationTest@6ac13091]" started-at="2025-09-04T23:01:19 IST" name="setUp" finished-at="2025-09-04T23:01:21 IST" duration-ms="2198" status="PASS">
          <params>
            <param index="0">
              <value is-null="true"/>
            </param>
          </params>
          <reporter-output>
          </reporter-output>
        </test-method> <!-- setUp -->
        <test-method signature="testModalNavigation()[pri:0, instance:com.demoblaze.tests.NavigationTest@6ac13091]" started-at="2025-09-04T23:01:21 IST" name="testModalNavigation" description="TC_NAV_005: Verify modal navigation - Test opening and closing of modals" finished-at="2025-09-04T23:01:24 IST" duration-ms="2160" status="PASS">
          <reporter-output>
          </reporter-output>
        </test-method> <!-- testModalNavigation -->
        <test-method is-config="true" signature="tearDown()[pri:0, instance:com.demoblaze.tests.NavigationTest@6ac13091]" started-at="2025-09-04T23:01:24 IST" name="tearDown" finished-at="2025-09-04T23:01:24 IST" duration-ms="261" status="PASS">
          <reporter-output>
          </reporter-output>
        </test-method> <!-- tearDown -->
        <test-method is-config="true" signature="setUp(java.lang.String)[pri:0, instance:com.demoblaze.tests.NavigationTest@6ac13091]" started-at="2025-09-04T23:01:24 IST" name="setUp" finished-at="2025-09-04T23:01:26 IST" duration-ms="1964" status="PASS">
          <params>
            <param index="0">
              <value is-null="true"/>
            </param>
          </params>
          <reporter-output>
          </reporter-output>
        </test-method> <!-- setUp -->
        <test-method signature="testProductPageNavigation()[pri:0, instance:com.demoblaze.tests.NavigationTest@6ac13091]" started-at="2025-09-04T23:01:26 IST" name="testProductPageNavigation" description="TC_NAV_003: Verify product page navigation - Test navigation to individual product pages" finished-at="2025-09-04T23:01:38 IST" duration-ms="12154" status="FAIL">
          <exception class="org.openqa.selenium.TimeoutException">
            <message>
              <![CDATA[Expected condition failed: waiting for visibility of element located by By.xpath: //div[@class='name']/h2 (tried for 10 second(s) with 500 milliseconds interval)
Build info: version: '4.35.0', revision: '1c58e5028b'
System info: os.name: 'Windows 11', os.arch: 'amd64', os.version: '10.0', java.version: '17.0.12'
Driver info: org.openqa.selenium.chrome.ChromeDriver
Capabilities {acceptInsecureCerts: false, browserName: chrome, browserVersion: 139.0.7258.155, chrome: {chromedriverVersion: 139.0.7258.154 (9e0d6b2b47f..., userDataDir: C:\Users\harsh\AppData\Loca...}, fedcm:accounts: true, goog:chromeOptions: {debuggerAddress: localhost:50627}, networkConnectionEnabled: false, pageLoadStrategy: normal, platformName: windows, proxy: Proxy(), se:cdp: ws://localhost:50627/devtoo..., se:cdpVersion: 139.0.7258.155, setWindowRect: true, strictFileInteractability: false, timeouts: {implicit: 0, pageLoad: 300000, script: 30000}, unhandledPromptBehavior: dismiss and notify, webauthn:extension:credBlob: true, webauthn:extension:largeBlob: true, webauthn:extension:minPinLength: true, webauthn:extension:prf: true, webauthn:virtualAuthenticators: true}
Session ID: ecc8a4e88f1a2355e2ba7eae78282d04]]>
            </message>
            <full-stacktrace>
              <![CDATA[org.openqa.selenium.TimeoutException: Expected condition failed: waiting for visibility of element located by By.xpath: //div[@class='name']/h2 (tried for 10 second(s) with 500 milliseconds interval)
Build info: version: '4.35.0', revision: '1c58e5028b'
System info: os.name: 'Windows 11', os.arch: 'amd64', os.version: '10.0', java.version: '17.0.12'
Driver info: org.openqa.selenium.chrome.ChromeDriver
Capabilities {acceptInsecureCerts: false, browserName: chrome, browserVersion: 139.0.7258.155, chrome: {chromedriverVersion: 139.0.7258.154 (9e0d6b2b47f..., userDataDir: C:\Users\harsh\AppData\Loca...}, fedcm:accounts: true, goog:chromeOptions: {debuggerAddress: localhost:50627}, networkConnectionEnabled: false, pageLoadStrategy: normal, platformName: windows, proxy: Proxy(), se:cdp: ws://localhost:50627/devtoo..., se:cdpVersion: 139.0.7258.155, setWindowRect: true, strictFileInteractability: false, timeouts: {implicit: 0, pageLoad: 300000, script: 30000}, unhandledPromptBehavior: dismiss and notify, webauthn:extension:credBlob: true, webauthn:extension:largeBlob: true, webauthn:extension:minPinLength: true, webauthn:extension:prf: true, webauthn:virtualAuthenticators: true}
Session ID: ecc8a4e88f1a2355e2ba7eae78282d04
at org.openqa.selenium.support.ui.WebDriverWait.timeoutException(WebDriverWait.java:84)
at org.openqa.selenium.support.ui.FluentWait.until(FluentWait.java:228)
at com.demoblaze.framework.utils.Waits.visible(Waits.java:24)
at com.demoblaze.framework.utils.ElementActions.text(ElementActions.java:21)
at com.demoblaze.framework.pages.ProductPage.getProductTitle(ProductPage.java:18)
at com.demoblaze.tests.NavigationTest.testProductPageNavigation(NavigationTest.java:55)
at java.base/jdk.internal.reflect.NativeMethodAccessorImpl.invoke0(Native Method)
at java.base/jdk.internal.reflect.NativeMethodAccessorImpl.invoke(NativeMethodAccessorImpl.java:77)
at java.base/jdk.internal.reflect.DelegatingMethodAccessorImpl.invoke(DelegatingMethodAccessorImpl.java:43)
at java.base/java.lang.reflect.Method.invoke(Method.java:568)
at org.testng.internal.invokers.MethodInvocationHelper.invokeMethod(MethodInvocationHelper.java:141)
at org.testng.internal.invokers.TestInvoker.invokeMethod(TestInvoker.java:687)
at org.testng.internal.invokers.TestInvoker.invokeTestMethod(TestInvoker.java:230)
at org.testng.internal.invokers.MethodRunner.runInSequence(MethodRunner.java:63)
at org.testng.internal.invokers.TestInvoker$MethodInvocationAgent.invoke(TestInvoker.java:995)
at org.testng.internal.invokers.TestInvoker.invokeTestMethods(TestInvoker.java:203)
at org.testng.internal.invokers.TestMethodWorker.invokeTestMethods(TestMethodWorker.java:154)
at org.testng.internal.invokers.TestMethodWorker.run(TestMethodWorker.java:134)
at java.base/java.util.ArrayList.forEach(ArrayList.java:1511)
at org.testng.TestRunner.privateRun(TestRunner.java:741)
at org.testng.TestRunner.run(TestRunner.java:616)
at org.testng.SuiteRunner.runTest(SuiteRunner.java:421)
at org.testng.SuiteRunner.runSequentially(SuiteRunner.java:413)
at org.testng.SuiteRunner.privateRun(SuiteRunner.java:373)
at org.testng.SuiteRunner.run(SuiteRunner.java:312)
at org.testng.SuiteRunnerWorker.runSuite(SuiteRunnerWorker.java:52)
at org.testng.SuiteRunnerWorker.run(SuiteRunnerWorker.java:95)
at org.testng.TestNG.runSuitesSequentially(TestNG.java:1274)
at org.testng.TestNG.runSuitesLocally(TestNG.java:1208)
at org.testng.TestNG.runSuites(TestNG.java:1112)
at org.testng.TestNG.run(TestNG.java:1079)
at org.apache.maven.surefire.testng.TestNGExecutor.run(TestNGExecutor.java:155)
at org.apache.maven.surefire.testng.TestNGDirectoryTestSuite.executeSingleClass(TestNGDirectoryTestSuite.java:102)
at org.apache.maven.surefire.testng.TestNGDirectoryTestSuite.execute(TestNGDirectoryTestSuite.java:91)
at org.apache.maven.surefire.testng.TestNGProvider.invoke(TestNGProvider.java:137)
at org.apache.maven.surefire.booter.ForkedBooter.runSuitesInProcess(ForkedBooter.java:385)
at org.apache.maven.surefire.booter.ForkedBooter.execute(ForkedBooter.java:162)
at org.apache.maven.surefire.booter.ForkedBooter.run(ForkedBooter.java:507)
at org.apache.maven.surefire.booter.ForkedBooter.main(ForkedBooter.java:495)
]]>
            </full-stacktrace>
          </exception> <!-- org.openqa.selenium.TimeoutException -->
          <reporter-output>
          </reporter-output>
        </test-method> <!-- testProductPageNavigation -->
        <test-method is-config="true" signature="tearDown()[pri:0, instance:com.demoblaze.tests.NavigationTest@6ac13091]" started-at="2025-09-04T23:01:38 IST" name="tearDown" finished-at="2025-09-04T23:01:39 IST" duration-ms="331" status="PASS">
          <reporter-output>
          </reporter-output>
        </test-method> <!-- tearDown -->
      </class> <!-- com.demoblaze.tests.NavigationTest -->
    </test> <!-- Surefire test -->
  </suite> <!-- Surefire suite -->
</testng-results>
