<?xml version="1.0" encoding="UTF-8"?>
<!-- Generated by org.testng.reporters.JUnitXMLReporter -->
<testsuite ignored="0" hostname="LAPTOP-D8A5FL4O" failures="0" tests="6" name="Core Functionality Tests" time="147.769" errors="0" timestamp="2025-09-06T14:53:56 IST">
  <testcase classname="com.demoblaze.tests.SignUpTest" name="testValidUserRegistration" time="2.66"/>
  <testcase classname="com.demoblaze.tests.SignUpTest" name="testLoginAfterRegistration" time="6.794"/>
  <testcase classname="com.demoblaze.tests.LoginTest" name="testLoginWithCreatedUser" time="6.88"/>
  <testcase classname="com.demoblaze.tests.CartTest" name="testAddToCart" time="4.97"/>
  <testcase classname="com.demoblaze.tests.CartTest" name="testDeleteFromCart" time="26.513"/>
  <testcase classname="com.demoblaze.tests.PurchaseTest" name="testPurchaseProduct" time="5.751"/>
</testsuite> <!-- Core Functionality Tests -->
