<?xml version="1.0" encoding="UTF-8"?>
<!-- Generated by org.testng.reporters.JUnitXMLReporter -->
<testsuite ignored="0" hostname="LAPTOP-D8A5FL4O" failures="0" tests="6" name="Core Functionality Tests" time="141.972" errors="0" timestamp="2025-09-06T15:43:59 IST">
  <testcase classname="com.demoblaze.tests.SignUpTest" name="testValidUserRegistration" time="2.323"/>
  <testcase classname="com.demoblaze.tests.SignUpTest" name="testLoginAfterRegistration" time="6.414"/>
  <testcase classname="com.demoblaze.tests.LoginTest" name="testLoginWithCreatedUser" time="6.896"/>
  <testcase classname="com.demoblaze.tests.CartTest" name="testAddToCart" time="5.399"/>
  <testcase classname="com.demoblaze.tests.CartTest" name="testDeleteFromCart" time="25.841"/>
  <testcase classname="com.demoblaze.tests.PurchaseTest" name="testPurchaseProduct" time="5.352"/>
</testsuite> <!-- Core Functionality Tests -->
