<?xml version="1.0" encoding="UTF-8"?>
<!-- Generated by org.testng.reporters.JUnitXMLReporter -->
<testsuite ignored="0" hostname="LAPTOP-D8A5FL4O" failures="0" tests="13" name="Essential Test Suite" time="293.533" errors="0" timestamp="2025-09-06T13:13:36 IST">
  <testcase classname="com.demoblaze.tests.SignUpTest" name="testValidUserRegistration" time="2.231"/>
  <testcase classname="com.demoblaze.tests.SignUpTest" name="testLoginAfterRegistration" time="7.023"/>
  <testcase classname="com.demoblaze.tests.LoginTest" name="testLoginWithCreatedUser" time="7.799"/>
  <testcase classname="com.demoblaze.tests.NavigationTest" name="testCategoryNavigation" time="1.204"/>
  <testcase classname="com.demoblaze.tests.NavigationTest" name="testHomePageNavigation" time="0.472"/>
  <testcase classname="com.demoblaze.tests.ProductTest" name="testAddToCartFromProductPage" time="5.857"/>
  <testcase classname="com.demoblaze.tests.ProductTest" name="testProductCategoriesContent" time="0.728"/>
  <testcase classname="com.demoblaze.tests.CartTest" name="testAddToCart" time="4.67"/>
  <testcase classname="com.demoblaze.tests.CartTest" name="testDeleteFromCart" time="5.518"/>
  <testcase classname="com.demoblaze.tests.PurchaseTest" name="testPurchaseProduct" time="5.591"/>
  <testcase classname="com.demoblaze.tests.UserManagementTest" name="testUserLogout" time="29.319"/>
  <testcase classname="com.demoblaze.tests.UserManagementTest" name="testUserRegistrationWithUniqueUsername" time="8.31"/>
  <testcase classname="com.demoblaze.tests.NegativeTest" name="testLoginWithInvalidUsername" time="32.8"/>
</testsuite> <!-- Essential Test Suite -->
