<?xml version="1.0" encoding="UTF-8"?>
<!-- Generated by org.testng.reporters.JUnitXMLReporter -->
<testsuite ignored="0" hostname="LAPTOP-D8A5FL4O" failures="0" tests="13" name="Essential Test Suite" time="299.911" errors="0" timestamp="2025-09-06T14:39:49 IST">
  <testcase classname="com.demoblaze.tests.SignUpTest" name="testValidUserRegistration" time="2.473"/>
  <testcase classname="com.demoblaze.tests.SignUpTest" name="testLoginAfterRegistration" time="6.849"/>
  <testcase classname="com.demoblaze.tests.LoginTest" name="testLoginWithCreatedUser" time="6.673"/>
  <testcase classname="com.demoblaze.tests.NavigationTest" name="testCategoryNavigation" time="1.572"/>
  <testcase classname="com.demoblaze.tests.NavigationTest" name="testHomePageNavigation" time="0.606"/>
  <testcase classname="com.demoblaze.tests.ProductTest" name="testAddToCartFromProductPage" time="6.637"/>
  <testcase classname="com.demoblaze.tests.ProductTest" name="testProductCategoriesContent" time="0.867"/>
  <testcase classname="com.demoblaze.tests.CartTest" name="testAddToCart" time="5.825"/>
  <testcase classname="com.demoblaze.tests.CartTest" name="testDeleteFromCart" time="5.631"/>
  <testcase classname="com.demoblaze.tests.PurchaseTest" name="testPurchaseProduct" time="6.762"/>
  <testcase classname="com.demoblaze.tests.UserManagementTest" name="testUserLogout" time="29.75"/>
  <testcase classname="com.demoblaze.tests.UserManagementTest" name="testUserRegistrationWithUniqueUsername" time="8.477"/>
  <testcase classname="com.demoblaze.tests.NegativeTest" name="testLoginWithInvalidUsername" time="33.023"/>
</testsuite> <!-- Essential Test Suite -->
