<?xml version="1.0" encoding="UTF-8"?>
<!-- Generated by org.testng.reporters.JUnitXMLReporter -->
<testsuite ignored="0" hostname="LAPTOP-D8A5FL4O" failures="0" tests="8" name="Navigation and UI Tests" time="87.587" errors="0" timestamp="2025-09-06T15:45:27 IST">
  <testcase classname="com.demoblaze.tests.NavigationTest" name="testCategoryNavigation" time="1.205"/>
  <testcase classname="com.demoblaze.tests.NavigationTest" name="testHomePageNavigation" time="0.317"/>
  <testcase classname="com.demoblaze.tests.ProductTest" name="testAddToCartFromProductPage" time="5.827"/>
  <testcase classname="com.demoblaze.tests.ProductTest" name="testProductCategoriesContent" time="0.741"/>
  <testcase classname="com.demoblaze.tests.NavbarTest" name="testAboutUsButton" time="1.078"/>
  <testcase classname="com.demoblaze.tests.NavbarTest" name="testBannerVisibility" time="0.535"/>
  <testcase classname="com.demoblaze.tests.NavbarTest" name="testContactButton" time="1.113"/>
  <testcase classname="com.demoblaze.tests.NavbarTest" name="testNavbarElementsVisibility" time="0.561"/>
</testsuite> <!-- Navigation and UI Tests -->
