<?xml version="1.0" encoding="UTF-8"?>
<!-- Generated by org.testng.reporters.JUnitXMLReporter -->
<testsuite ignored="0" hostname="LAPTOP-D8A5FL4O" failures="0" tests="4" name="Navigation and UI Tests" time="76.496" errors="0" timestamp="2025-09-06T13:07:08 IST">
  <testcase classname="com.demoblaze.tests.NavigationTest" name="testCategoryNavigation" time="1.926"/>
  <testcase classname="com.demoblaze.tests.NavigationTest" name="testHomePageNavigation" time="0.52"/>
  <testcase classname="com.demoblaze.tests.ProductTest" name="testAddToCartFromProductPage" time="6.128"/>
  <testcase classname="com.demoblaze.tests.ProductTest" name="testProductCategoriesContent" time="0.735"/>
</testsuite> <!-- Navigation and UI Tests -->
