<?xml version="1.0" encoding="UTF-8"?>
<!-- Generated by org.testng.reporters.JUnitXMLReporter -->
<testsuite ignored="0" hostname="LAPTOP-D8A5FL4O" failures="0" tests="2" name="User Management Tests" time="61.143" errors="0" timestamp="2025-09-06T10:10:24 IST">
  <testcase classname="com.demoblaze.tests.UserManagementTest" name="testUserLogout" time="29.545"/>
  <testcase classname="com.demoblaze.tests.UserManagementTest" name="testUserRegistrationWithUniqueUsername" time="7.941"/>
</testsuite> <!-- User Management Tests -->
