<?xml version="1.0" encoding="UTF-8"?>
<testng-results ignored="0" total="13" passed="13" failed="0" skipped="0">
  <reporter-output>
  </reporter-output>
  <suite started-at="2025-09-06T14:51:29 IST" name="DemoBlaze Essential Test Suite" finished-at="2025-09-06T14:56:47 IST" duration-ms="318478">
    <groups>
      <group name="login">
        <method signature="LoginTest.testLoginWithCreatedUser()[pri:0, instance:com.demoblaze.tests.LoginTest@7d8995e]" name="testLoginWithCreatedUser" class="com.demoblaze.tests.LoginTest"/>
      </group> <!-- login -->
      <group name="signup">
        <method signature="SignUpTest.testValidUserRegistration()[pri:0, instance:com.demoblaze.tests.SignUpTest@35e2d654]" name="testValidUserRegistration" class="com.demoblaze.tests.SignUpTest"/>
        <method signature="SignUpTest.testLoginAfterRegistration()[pri:0, instance:com.demoblaze.tests.SignUpTest@35e2d654]" name="testLoginAfterRegistration" class="com.demoblaze.tests.SignUpTest"/>
      </group> <!-- signup -->
    </groups>
    <test started-at="2025-09-06T14:51:29 IST" name="Core Functionality Tests" finished-at="2025-09-06T14:53:56 IST" duration-ms="147769">
      <class name="com.demoblaze.tests.LoginTest">
        <test-method is-config="true" signature="setUp(java.lang.String)[pri:0, instance:com.demoblaze.tests.LoginTest@7d8995e]" started-at="2025-09-06T14:51:45 IST" name="setUp" finished-at="2025-09-06T14:51:47 IST" duration-ms="2544" status="PASS">
          <params>
            <param index="0">
              <value is-null="true"/>
            </param>
          </params>
          <reporter-output>
          </reporter-output>
        </test-method> <!-- setUp -->
        <test-method signature="testLoginWithCreatedUser()[pri:0, instance:com.demoblaze.tests.LoginTest@7d8995e]" started-at="2025-09-06T14:51:47 IST" name="testLoginWithCreatedUser" description="TC_LOGIN_002: Verify user login with newly created credentials - Essential login with fresh user test" finished-at="2025-09-06T14:51:54 IST" depends-on-methods="com.demoblaze.tests.SignUpTest.testLoginAfterRegistration" duration-ms="6880" status="PASS">
          <reporter-output>
          </reporter-output>
        </test-method> <!-- testLoginWithCreatedUser -->
        <test-method is-config="true" signature="tearDown()[pri:0, instance:com.demoblaze.tests.LoginTest@7d8995e]" started-at="2025-09-06T14:51:54 IST" name="tearDown" finished-at="2025-09-06T14:51:54 IST" duration-ms="278" status="PASS">
          <reporter-output>
          </reporter-output>
        </test-method> <!-- tearDown -->
      </class> <!-- com.demoblaze.tests.LoginTest -->
      <class name="com.demoblaze.tests.PurchaseTest">
        <test-method is-config="true" signature="setUp(java.lang.String)[pri:0, instance:com.demoblaze.tests.PurchaseTest@128d2484]" started-at="2025-09-06T14:53:30 IST" name="setUp" finished-at="2025-09-06T14:53:33 IST" duration-ms="2442" status="PASS">
          <params>
            <param index="0">
              <value is-null="true"/>
            </param>
          </params>
          <reporter-output>
          </reporter-output>
        </test-method> <!-- setUp -->
        <test-method is-config="true" signature="ensureUserLoggedIn()[pri:0, instance:com.demoblaze.tests.PurchaseTest@128d2484]" started-at="2025-09-06T14:53:33 IST" name="ensureUserLoggedIn" finished-at="2025-09-06T14:53:50 IST" duration-ms="17547" status="PASS">
          <reporter-output>
          </reporter-output>
        </test-method> <!-- ensureUserLoggedIn -->
        <test-method signature="testPurchaseProduct()[pri:0, instance:com.demoblaze.tests.PurchaseTest@128d2484]" started-at="2025-09-06T14:53:50 IST" name="testPurchaseProduct" description="TC_PURCHASE_001: Verify complete purchase flow - Essential purchase functionality test" finished-at="2025-09-06T14:53:56 IST" depends-on-methods="com.demoblaze.tests.SignUpTest.testLoginAfterRegistration" duration-ms="5751" status="PASS">
          <reporter-output>
          </reporter-output>
        </test-method> <!-- testPurchaseProduct -->
        <test-method is-config="true" signature="tearDown()[pri:0, instance:com.demoblaze.tests.PurchaseTest@128d2484]" started-at="2025-09-06T14:53:56 IST" name="tearDown" finished-at="2025-09-06T14:53:56 IST" duration-ms="175" status="PASS">
          <reporter-output>
          </reporter-output>
        </test-method> <!-- tearDown -->
      </class> <!-- com.demoblaze.tests.PurchaseTest -->
      <class name="com.demoblaze.tests.SignUpTest">
        <test-method is-config="true" signature="setUp()[pri:0, instance:com.demoblaze.tests.SignUpTest@35e2d654]" started-at="2025-09-06T14:51:29 IST" name="setUp" finished-at="2025-09-06T14:51:29 IST" duration-ms="13" status="PASS">
          <reporter-output>
          </reporter-output>
        </test-method> <!-- setUp -->
        <test-method is-config="true" signature="setUp(java.lang.String)[pri:0, instance:com.demoblaze.tests.SignUpTest@35e2d654]" started-at="2025-09-06T14:51:29 IST" name="setUp" finished-at="2025-09-06T14:51:33 IST" duration-ms="3909" status="PASS">
          <params>
            <param index="0">
              <value is-null="true"/>
            </param>
          </params>
          <reporter-output>
          </reporter-output>
        </test-method> <!-- setUp -->
        <test-method signature="testValidUserRegistration()[pri:0, instance:com.demoblaze.tests.SignUpTest@35e2d654]" started-at="2025-09-06T14:51:33 IST" name="testValidUserRegistration" description="TC_REG_001: Valid User Registration - Essential user registration functionality test" finished-at="2025-09-06T14:51:35 IST" duration-ms="2660" status="PASS">
          <reporter-output>
          </reporter-output>
        </test-method> <!-- testValidUserRegistration -->
        <test-method is-config="true" signature="tearDown()[pri:0, instance:com.demoblaze.tests.SignUpTest@35e2d654]" started-at="2025-09-06T14:51:35 IST" name="tearDown" finished-at="2025-09-06T14:51:35 IST" duration-ms="245" status="PASS">
          <reporter-output>
          </reporter-output>
        </test-method> <!-- tearDown -->
        <test-method is-config="true" signature="setUp(java.lang.String)[pri:0, instance:com.demoblaze.tests.SignUpTest@35e2d654]" started-at="2025-09-06T14:51:35 IST" name="setUp" finished-at="2025-09-06T14:51:38 IST" duration-ms="2174" status="PASS">
          <params>
            <param index="0">
              <value is-null="true"/>
            </param>
          </params>
          <reporter-output>
          </reporter-output>
        </test-method> <!-- setUp -->
        <test-method signature="testLoginAfterRegistration()[pri:0, instance:com.demoblaze.tests.SignUpTest@35e2d654]" started-at="2025-09-06T14:51:38 IST" name="testLoginAfterRegistration" description="TC_LOGIN_001: Login with newly created user - Essential login after registration test" finished-at="2025-09-06T14:51:44 IST" depends-on-methods="com.demoblaze.tests.SignUpTest.testValidUserRegistration" duration-ms="6794" status="PASS">
          <reporter-output>
          </reporter-output>
        </test-method> <!-- testLoginAfterRegistration -->
        <test-method is-config="true" signature="tearDown()[pri:0, instance:com.demoblaze.tests.SignUpTest@35e2d654]" started-at="2025-09-06T14:51:44 IST" name="tearDown" finished-at="2025-09-06T14:51:45 IST" duration-ms="242" status="PASS">
          <reporter-output>
          </reporter-output>
        </test-method> <!-- tearDown -->
      </class> <!-- com.demoblaze.tests.SignUpTest -->
      <class name="com.demoblaze.tests.CartTest">
        <test-method is-config="true" signature="setUp(java.lang.String)[pri:0, instance:com.demoblaze.tests.CartTest@130d63be]" started-at="2025-09-06T14:51:54 IST" name="setUp" finished-at="2025-09-06T14:51:57 IST" duration-ms="2747" status="PASS">
          <params>
            <param index="0">
              <value is-null="true"/>
            </param>
          </params>
          <reporter-output>
          </reporter-output>
        </test-method> <!-- setUp -->
        <test-method is-config="true" signature="ensureUserLoggedIn()[pri:0, instance:com.demoblaze.tests.CartTest@130d63be]" started-at="2025-09-06T14:51:57 IST" name="ensureUserLoggedIn" finished-at="2025-09-06T14:52:26 IST" duration-ms="29110" status="PASS">
          <reporter-output>
          </reporter-output>
        </test-method> <!-- ensureUserLoggedIn -->
        <test-method signature="testAddToCart()[pri:0, instance:com.demoblaze.tests.CartTest@130d63be]" started-at="2025-09-06T14:52:26 IST" name="testAddToCart" description="TC_CART_001: Verify adding a product to cart - Essential add to cart functionality test" finished-at="2025-09-06T14:52:31 IST" depends-on-methods="com.demoblaze.tests.SignUpTest.testLoginAfterRegistration" duration-ms="4970" status="PASS">
          <reporter-output>
          </reporter-output>
        </test-method> <!-- testAddToCart -->
        <test-method is-config="true" signature="tearDown()[pri:0, instance:com.demoblaze.tests.CartTest@130d63be]" started-at="2025-09-06T14:52:31 IST" name="tearDown" finished-at="2025-09-06T14:52:31 IST" duration-ms="218" status="PASS">
          <reporter-output>
          </reporter-output>
        </test-method> <!-- tearDown -->
        <test-method is-config="true" signature="setUp(java.lang.String)[pri:0, instance:com.demoblaze.tests.CartTest@130d63be]" started-at="2025-09-06T14:52:31 IST" name="setUp" finished-at="2025-09-06T14:52:34 IST" duration-ms="2811" status="PASS">
          <params>
            <param index="0">
              <value is-null="true"/>
            </param>
          </params>
          <reporter-output>
          </reporter-output>
        </test-method> <!-- setUp -->
        <test-method is-config="true" signature="ensureUserLoggedIn()[pri:0, instance:com.demoblaze.tests.CartTest@130d63be]" started-at="2025-09-06T14:52:34 IST" name="ensureUserLoggedIn" finished-at="2025-09-06T14:53:04 IST" duration-ms="29437" status="PASS">
          <reporter-output>
          </reporter-output>
        </test-method> <!-- ensureUserLoggedIn -->
        <test-method signature="testDeleteFromCart()[pri:0, instance:com.demoblaze.tests.CartTest@130d63be]" started-at="2025-09-06T14:53:04 IST" name="testDeleteFromCart" description="TC_CART_002: Verify deleting item from cart - Essential cart deletion functionality test" finished-at="2025-09-06T14:53:30 IST" depends-on-methods="com.demoblaze.tests.SignUpTest.testLoginAfterRegistration" duration-ms="26513" status="PASS">
          <reporter-output>
          </reporter-output>
        </test-method> <!-- testDeleteFromCart -->
        <test-method is-config="true" signature="tearDown()[pri:0, instance:com.demoblaze.tests.CartTest@130d63be]" started-at="2025-09-06T14:53:30 IST" name="tearDown" finished-at="2025-09-06T14:53:30 IST" duration-ms="233" status="PASS">
          <reporter-output>
          </reporter-output>
        </test-method> <!-- tearDown -->
      </class> <!-- com.demoblaze.tests.CartTest -->
    </test> <!-- Core Functionality Tests -->
    <test started-at="2025-09-06T14:53:57 IST" name="Navigation and UI Tests" finished-at="2025-09-06T14:55:13 IST" duration-ms="76798">
      <class name="com.demoblaze.tests.NavigationTest">
        <test-method is-config="true" signature="setUp(java.lang.String)[pri:0, instance:com.demoblaze.tests.NavigationTest@3e0e1046]" started-at="2025-09-06T14:53:57 IST" name="setUp" finished-at="2025-09-06T14:53:59 IST" duration-ms="2140" status="PASS">
          <params>
            <param index="0">
              <value is-null="true"/>
            </param>
          </params>
          <reporter-output>
          </reporter-output>
        </test-method> <!-- setUp -->
        <test-method signature="testCategoryNavigation()[pri:0, instance:com.demoblaze.tests.NavigationTest@3e0e1046]" started-at="2025-09-06T14:53:59 IST" name="testCategoryNavigation" description="TC_NAV_002: Verify category navigation - Essential category navigation test" finished-at="2025-09-06T14:54:00 IST" duration-ms="1116" status="PASS">
          <reporter-output>
          </reporter-output>
        </test-method> <!-- testCategoryNavigation -->
        <test-method is-config="true" signature="tearDown()[pri:0, instance:com.demoblaze.tests.NavigationTest@3e0e1046]" started-at="2025-09-06T14:54:00 IST" name="tearDown" finished-at="2025-09-06T14:54:00 IST" duration-ms="137" status="PASS">
          <reporter-output>
          </reporter-output>
        </test-method> <!-- tearDown -->
        <test-method is-config="true" signature="setUp(java.lang.String)[pri:0, instance:com.demoblaze.tests.NavigationTest@3e0e1046]" started-at="2025-09-06T14:54:00 IST" name="setUp" finished-at="2025-09-06T14:54:02 IST" duration-ms="2227" status="PASS">
          <params>
            <param index="0">
              <value is-null="true"/>
            </param>
          </params>
          <reporter-output>
          </reporter-output>
        </test-method> <!-- setUp -->
        <test-method signature="testHomePageNavigation()[pri:0, instance:com.demoblaze.tests.NavigationTest@3e0e1046]" started-at="2025-09-06T14:54:02 IST" name="testHomePageNavigation" description="TC_NAV_001: Verify home page navigation - Essential home page navigation test" finished-at="2025-09-06T14:54:03 IST" duration-ms="1120" status="PASS">
          <reporter-output>
          </reporter-output>
        </test-method> <!-- testHomePageNavigation -->
        <test-method is-config="true" signature="tearDown()[pri:0, instance:com.demoblaze.tests.NavigationTest@3e0e1046]" started-at="2025-09-06T14:54:03 IST" name="tearDown" finished-at="2025-09-06T14:54:04 IST" duration-ms="164" status="PASS">
          <reporter-output>
          </reporter-output>
        </test-method> <!-- tearDown -->
      </class> <!-- com.demoblaze.tests.NavigationTest -->
      <class name="com.demoblaze.tests.ProductTest">
        <test-method is-config="true" signature="setUp(java.lang.String)[pri:0, instance:com.demoblaze.tests.ProductTest@24c1b2d2]" started-at="2025-09-06T14:54:04 IST" name="setUp" finished-at="2025-09-06T14:54:05 IST" duration-ms="1908" status="PASS">
          <params>
            <param index="0">
              <value is-null="true"/>
            </param>
          </params>
          <reporter-output>
          </reporter-output>
        </test-method> <!-- setUp -->
        <test-method is-config="true" signature="ensureUserLoggedIn()[pri:0, instance:com.demoblaze.tests.ProductTest@24c1b2d2]" started-at="2025-09-06T14:54:05 IST" name="ensureUserLoggedIn" finished-at="2025-09-06T14:54:34 IST" duration-ms="29047" status="PASS">
          <reporter-output>
          </reporter-output>
        </test-method> <!-- ensureUserLoggedIn -->
        <test-method signature="testAddToCartFromProductPage()[pri:0, instance:com.demoblaze.tests.ProductTest@24c1b2d2]" started-at="2025-09-06T14:54:34 IST" name="testAddToCartFromProductPage" description="TC_PROD_001: Verify add to cart functionality - Essential product add to cart test" finished-at="2025-09-06T14:54:41 IST" duration-ms="6235" status="PASS">
          <reporter-output>
          </reporter-output>
        </test-method> <!-- testAddToCartFromProductPage -->
        <test-method is-config="true" signature="tearDown()[pri:0, instance:com.demoblaze.tests.ProductTest@24c1b2d2]" started-at="2025-09-06T14:54:41 IST" name="tearDown" finished-at="2025-09-06T14:54:41 IST" duration-ms="157" status="PASS">
          <reporter-output>
          </reporter-output>
        </test-method> <!-- tearDown -->
        <test-method is-config="true" signature="setUp(java.lang.String)[pri:0, instance:com.demoblaze.tests.ProductTest@24c1b2d2]" started-at="2025-09-06T14:54:41 IST" name="setUp" finished-at="2025-09-06T14:54:43 IST" duration-ms="2373" status="PASS">
          <params>
            <param index="0">
              <value is-null="true"/>
            </param>
          </params>
          <reporter-output>
          </reporter-output>
        </test-method> <!-- setUp -->
        <test-method is-config="true" signature="ensureUserLoggedIn()[pri:0, instance:com.demoblaze.tests.ProductTest@24c1b2d2]" started-at="2025-09-06T14:54:43 IST" name="ensureUserLoggedIn" finished-at="2025-09-06T14:55:12 IST" duration-ms="29215" status="PASS">
          <reporter-output>
          </reporter-output>
        </test-method> <!-- ensureUserLoggedIn -->
        <test-method signature="testProductCategoriesContent()[pri:0, instance:com.demoblaze.tests.ProductTest@24c1b2d2]" started-at="2025-09-06T14:55:12 IST" name="testProductCategoriesContent" description="TC_PROD_002: Verify product categories contain expected products - Essential product category test" finished-at="2025-09-06T14:55:13 IST" duration-ms="761" status="PASS">
          <reporter-output>
          </reporter-output>
        </test-method> <!-- testProductCategoriesContent -->
        <test-method is-config="true" signature="tearDown()[pri:0, instance:com.demoblaze.tests.ProductTest@24c1b2d2]" started-at="2025-09-06T14:55:13 IST" name="tearDown" finished-at="2025-09-06T14:55:13 IST" duration-ms="187" status="PASS">
          <reporter-output>
          </reporter-output>
        </test-method> <!-- tearDown -->
      </class> <!-- com.demoblaze.tests.ProductTest -->
    </test> <!-- Navigation and UI Tests -->
    <test started-at="2025-09-06T14:55:13 IST" name="User Management Tests" finished-at="2025-09-06T14:56:14 IST" duration-ms="60460">
      <class name="com.demoblaze.tests.UserManagementTest">
        <test-method is-config="true" signature="setUp(java.lang.String)[pri:0, instance:com.demoblaze.tests.UserManagementTest@465232e9]" started-at="2025-09-06T14:55:13 IST" name="setUp" finished-at="2025-09-06T14:55:16 IST" duration-ms="2359" status="PASS">
          <params>
            <param index="0">
              <value is-null="true"/>
            </param>
          </params>
          <reporter-output>
          </reporter-output>
        </test-method> <!-- setUp -->
        <test-method is-config="true" signature="setUp()[pri:0, instance:com.demoblaze.tests.UserManagementTest@465232e9]" started-at="2025-09-06T14:55:16 IST" name="setUp" finished-at="2025-09-06T14:55:16 IST" duration-ms="1" status="PASS">
          <reporter-output>
          </reporter-output>
        </test-method> <!-- setUp -->
        <test-method signature="testUserLogout()[pri:0, instance:com.demoblaze.tests.UserManagementTest@465232e9]" started-at="2025-09-06T14:55:16 IST" name="testUserLogout" description="TC_USER_002: Verify user logout functionality - Essential user logout test" finished-at="2025-09-06T14:55:45 IST" duration-ms="28744" status="PASS">
          <reporter-output>
          </reporter-output>
        </test-method> <!-- testUserLogout -->
        <test-method is-config="true" signature="tearDown()[pri:0, instance:com.demoblaze.tests.UserManagementTest@465232e9]" started-at="2025-09-06T14:55:45 IST" name="tearDown" finished-at="2025-09-06T14:56:05 IST" duration-ms="20486" status="PASS">
          <reporter-output>
          </reporter-output>
        </test-method> <!-- tearDown -->
        <test-method is-config="true" signature="setUp(java.lang.String)[pri:0, instance:com.demoblaze.tests.UserManagementTest@465232e9]" started-at="2025-09-06T14:56:05 IST" name="setUp" finished-at="2025-09-06T14:56:06 IST" duration-ms="701" status="PASS">
          <params>
            <param index="0">
              <value is-null="true"/>
            </param>
          </params>
          <reporter-output>
          </reporter-output>
        </test-method> <!-- setUp -->
        <test-method is-config="true" signature="setUp()[pri:0, instance:com.demoblaze.tests.UserManagementTest@465232e9]" started-at="2025-09-06T14:56:06 IST" name="setUp" finished-at="2025-09-06T14:56:06 IST" duration-ms="0" status="PASS">
          <reporter-output>
          </reporter-output>
        </test-method> <!-- setUp -->
        <test-method signature="testUserRegistrationWithUniqueUsername()[pri:0, instance:com.demoblaze.tests.UserManagementTest@465232e9]" started-at="2025-09-06T14:56:06 IST" name="testUserRegistrationWithUniqueUsername" description="TC_USER_001: Verify user registration with unique username - Essential user registration test" finished-at="2025-09-06T14:56:14 IST" duration-ms="8073" status="PASS">
          <reporter-output>
          </reporter-output>
        </test-method> <!-- testUserRegistrationWithUniqueUsername -->
        <test-method is-config="true" signature="tearDown()[pri:0, instance:com.demoblaze.tests.UserManagementTest@465232e9]" started-at="2025-09-06T14:56:14 IST" name="tearDown" finished-at="2025-09-06T14:56:14 IST" duration-ms="92" status="PASS">
          <reporter-output>
          </reporter-output>
        </test-method> <!-- tearDown -->
      </class> <!-- com.demoblaze.tests.UserManagementTest -->
    </test> <!-- User Management Tests -->
    <test started-at="2025-09-06T14:56:14 IST" name="Negative Testing" finished-at="2025-09-06T14:56:47 IST" duration-ms="33134">
      <class name="com.demoblaze.tests.NegativeTest">
        <test-method is-config="true" signature="setUp(java.lang.String)[pri:0, instance:com.demoblaze.tests.NegativeTest@5d908d47]" started-at="2025-09-06T14:56:14 IST" name="setUp" finished-at="2025-09-06T14:56:14 IST" duration-ms="49" status="PASS">
          <params>
            <param index="0">
              <value is-null="true"/>
            </param>
          </params>
          <reporter-output>
          </reporter-output>
        </test-method> <!-- setUp -->
        <test-method signature="testLoginWithInvalidUsername()[pri:0, instance:com.demoblaze.tests.NegativeTest@5d908d47]" started-at="2025-09-06T14:56:14 IST" name="testLoginWithInvalidUsername" description="TC_NEG_001: Verify login with invalid username - Essential negative login test" finished-at="2025-09-06T14:56:47 IST" duration-ms="32857" status="PASS">
          <reporter-output>
          </reporter-output>
        </test-method> <!-- testLoginWithInvalidUsername -->
        <test-method is-config="true" signature="tearDown()[pri:0, instance:com.demoblaze.tests.NegativeTest@5d908d47]" started-at="2025-09-06T14:56:47 IST" name="tearDown" finished-at="2025-09-06T14:56:47 IST" duration-ms="225" status="PASS">
          <reporter-output>
          </reporter-output>
        </test-method> <!-- tearDown -->
      </class> <!-- com.demoblaze.tests.NegativeTest -->
    </test> <!-- Negative Testing -->
  </suite> <!-- DemoBlaze Essential Test Suite -->
</testng-results>
