<?xml version="1.0" encoding="UTF-8"?>
<testng-results ignored="0" total="17" passed="17" failed="0" skipped="0">
  <reporter-output>
  </reporter-output>
  <suite started-at="2025-09-06T15:41:37 IST" name="DemoBlaze Essential Test Suite" finished-at="2025-09-06T15:47:00 IST" duration-ms="323232">
    <groups>
      <group name="login">
        <method signature="LoginTest.testLoginWithCreatedUser()[pri:0, instance:com.demoblaze.tests.LoginTest@7d8995e]" name="testLoginWithCreatedUser" class="com.demoblaze.tests.LoginTest"/>
      </group> <!-- login -->
      <group name="signup">
        <method signature="SignUpTest.testValidUserRegistration()[pri:0, instance:com.demoblaze.tests.SignUpTest@35e2d654]" name="testValidUserRegistration" class="com.demoblaze.tests.SignUpTest"/>
        <method signature="SignUpTest.testLoginAfterRegistration()[pri:0, instance:com.demoblaze.tests.SignUpTest@35e2d654]" name="testLoginAfterRegistration" class="com.demoblaze.tests.SignUpTest"/>
      </group> <!-- signup -->
    </groups>
    <test started-at="2025-09-06T15:41:37 IST" name="Core Functionality Tests" finished-at="2025-09-06T15:43:59 IST" duration-ms="141972">
      <class name="com.demoblaze.tests.LoginTest">
        <test-method is-config="true" signature="setUp(java.lang.String)[pri:0, instance:com.demoblaze.tests.LoginTest@7d8995e]" started-at="2025-09-06T15:41:51 IST" name="setUp" finished-at="2025-09-06T15:41:53 IST" duration-ms="2151" status="PASS">
          <params>
            <param index="0">
              <value is-null="true"/>
            </param>
          </params>
          <reporter-output>
          </reporter-output>
        </test-method> <!-- setUp -->
        <test-method signature="testLoginWithCreatedUser()[pri:0, instance:com.demoblaze.tests.LoginTest@7d8995e]" started-at="2025-09-06T15:41:53 IST" name="testLoginWithCreatedUser" description="TC_LOGIN_002: Verify user login with newly created credentials - Essential login with fresh user test" finished-at="2025-09-06T15:42:00 IST" depends-on-methods="com.demoblaze.tests.SignUpTest.testLoginAfterRegistration" duration-ms="6896" status="PASS">
          <reporter-output>
          </reporter-output>
        </test-method> <!-- testLoginWithCreatedUser -->
        <test-method is-config="true" signature="tearDown()[pri:0, instance:com.demoblaze.tests.LoginTest@7d8995e]" started-at="2025-09-06T15:42:00 IST" name="tearDown" finished-at="2025-09-06T15:42:00 IST" duration-ms="166" status="PASS">
          <reporter-output>
          </reporter-output>
        </test-method> <!-- tearDown -->
      </class> <!-- com.demoblaze.tests.LoginTest -->
      <class name="com.demoblaze.tests.PurchaseTest">
        <test-method is-config="true" signature="setUp(java.lang.String)[pri:0, instance:com.demoblaze.tests.PurchaseTest@128d2484]" started-at="2025-09-06T15:43:35 IST" name="setUp" finished-at="2025-09-06T15:43:37 IST" duration-ms="2109" status="PASS">
          <params>
            <param index="0">
              <value is-null="true"/>
            </param>
          </params>
          <reporter-output>
          </reporter-output>
        </test-method> <!-- setUp -->
        <test-method is-config="true" signature="ensureUserLoggedIn()[pri:0, instance:com.demoblaze.tests.PurchaseTest@128d2484]" started-at="2025-09-06T15:43:37 IST" name="ensureUserLoggedIn" finished-at="2025-09-06T15:43:53 IST" duration-ms="16617" status="PASS">
          <reporter-output>
          </reporter-output>
        </test-method> <!-- ensureUserLoggedIn -->
        <test-method signature="testPurchaseProduct()[pri:0, instance:com.demoblaze.tests.PurchaseTest@128d2484]" started-at="2025-09-06T15:43:53 IST" name="testPurchaseProduct" description="TC_PURCHASE_001: Verify complete purchase flow - Essential purchase functionality test" finished-at="2025-09-06T15:43:59 IST" depends-on-methods="com.demoblaze.tests.SignUpTest.testLoginAfterRegistration" duration-ms="5352" status="PASS">
          <reporter-output>
          </reporter-output>
        </test-method> <!-- testPurchaseProduct -->
        <test-method is-config="true" signature="tearDown()[pri:0, instance:com.demoblaze.tests.PurchaseTest@128d2484]" started-at="2025-09-06T15:43:59 IST" name="tearDown" finished-at="2025-09-06T15:43:59 IST" duration-ms="182" status="PASS">
          <reporter-output>
          </reporter-output>
        </test-method> <!-- tearDown -->
      </class> <!-- com.demoblaze.tests.PurchaseTest -->
      <class name="com.demoblaze.tests.SignUpTest">
        <test-method is-config="true" signature="setUp()[pri:0, instance:com.demoblaze.tests.SignUpTest@35e2d654]" started-at="2025-09-06T15:41:37 IST" name="setUp" finished-at="2025-09-06T15:41:37 IST" duration-ms="9" status="PASS">
          <reporter-output>
          </reporter-output>
        </test-method> <!-- setUp -->
        <test-method is-config="true" signature="setUp(java.lang.String)[pri:0, instance:com.demoblaze.tests.SignUpTest@35e2d654]" started-at="2025-09-06T15:41:37 IST" name="setUp" finished-at="2025-09-06T15:41:40 IST" duration-ms="3083" status="PASS">
          <params>
            <param index="0">
              <value is-null="true"/>
            </param>
          </params>
          <reporter-output>
          </reporter-output>
        </test-method> <!-- setUp -->
        <test-method signature="testValidUserRegistration()[pri:0, instance:com.demoblaze.tests.SignUpTest@35e2d654]" started-at="2025-09-06T15:41:40 IST" name="testValidUserRegistration" description="TC_REG_001: Valid User Registration - Essential user registration functionality test" finished-at="2025-09-06T15:41:42 IST" duration-ms="2323" status="PASS">
          <reporter-output>
          </reporter-output>
        </test-method> <!-- testValidUserRegistration -->
        <test-method is-config="true" signature="tearDown()[pri:0, instance:com.demoblaze.tests.SignUpTest@35e2d654]" started-at="2025-09-06T15:41:42 IST" name="tearDown" finished-at="2025-09-06T15:41:42 IST" duration-ms="154" status="PASS">
          <reporter-output>
          </reporter-output>
        </test-method> <!-- tearDown -->
        <test-method is-config="true" signature="setUp(java.lang.String)[pri:0, instance:com.demoblaze.tests.SignUpTest@35e2d654]" started-at="2025-09-06T15:41:42 IST" name="setUp" finished-at="2025-09-06T15:41:44 IST" duration-ms="2031" status="PASS">
          <params>
            <param index="0">
              <value is-null="true"/>
            </param>
          </params>
          <reporter-output>
          </reporter-output>
        </test-method> <!-- setUp -->
        <test-method signature="testLoginAfterRegistration()[pri:0, instance:com.demoblaze.tests.SignUpTest@35e2d654]" started-at="2025-09-06T15:41:44 IST" name="testLoginAfterRegistration" description="TC_LOGIN_001: Login with newly created user - Essential login after registration test" finished-at="2025-09-06T15:41:51 IST" depends-on-methods="com.demoblaze.tests.SignUpTest.testValidUserRegistration" duration-ms="6414" status="PASS">
          <reporter-output>
          </reporter-output>
        </test-method> <!-- testLoginAfterRegistration -->
        <test-method is-config="true" signature="tearDown()[pri:0, instance:com.demoblaze.tests.SignUpTest@35e2d654]" started-at="2025-09-06T15:41:51 IST" name="tearDown" finished-at="2025-09-06T15:41:51 IST" duration-ms="165" status="PASS">
          <reporter-output>
          </reporter-output>
        </test-method> <!-- tearDown -->
      </class> <!-- com.demoblaze.tests.SignUpTest -->
      <class name="com.demoblaze.tests.CartTest">
        <test-method is-config="true" signature="setUp(java.lang.String)[pri:0, instance:com.demoblaze.tests.CartTest@130d63be]" started-at="2025-09-06T15:42:00 IST" name="setUp" finished-at="2025-09-06T15:42:03 IST" duration-ms="2316" status="PASS">
          <params>
            <param index="0">
              <value is-null="true"/>
            </param>
          </params>
          <reporter-output>
          </reporter-output>
        </test-method> <!-- setUp -->
        <test-method is-config="true" signature="ensureUserLoggedIn()[pri:0, instance:com.demoblaze.tests.CartTest@130d63be]" started-at="2025-09-06T15:42:03 IST" name="ensureUserLoggedIn" finished-at="2025-09-06T15:42:32 IST" duration-ms="29570" status="PASS">
          <reporter-output>
          </reporter-output>
        </test-method> <!-- ensureUserLoggedIn -->
        <test-method signature="testAddToCart()[pri:0, instance:com.demoblaze.tests.CartTest@130d63be]" started-at="2025-09-06T15:42:32 IST" name="testAddToCart" description="TC_CART_001: Verify adding a product to cart - Essential add to cart functionality test" finished-at="2025-09-06T15:42:38 IST" depends-on-methods="com.demoblaze.tests.SignUpTest.testLoginAfterRegistration" duration-ms="5399" status="PASS">
          <reporter-output>
          </reporter-output>
        </test-method> <!-- testAddToCart -->
        <test-method is-config="true" signature="tearDown()[pri:0, instance:com.demoblaze.tests.CartTest@130d63be]" started-at="2025-09-06T15:42:38 IST" name="tearDown" finished-at="2025-09-06T15:42:38 IST" duration-ms="191" status="PASS">
          <reporter-output>
          </reporter-output>
        </test-method> <!-- tearDown -->
        <test-method is-config="true" signature="setUp(java.lang.String)[pri:0, instance:com.demoblaze.tests.CartTest@130d63be]" started-at="2025-09-06T15:42:38 IST" name="setUp" finished-at="2025-09-06T15:42:39 IST" duration-ms="1133" status="PASS">
          <params>
            <param index="0">
              <value is-null="true"/>
            </param>
          </params>
          <reporter-output>
          </reporter-output>
        </test-method> <!-- setUp -->
        <test-method is-config="true" signature="ensureUserLoggedIn()[pri:0, instance:com.demoblaze.tests.CartTest@130d63be]" started-at="2025-09-06T15:42:39 IST" name="ensureUserLoggedIn" finished-at="2025-09-06T15:43:09 IST" duration-ms="29648" status="PASS">
          <reporter-output>
          </reporter-output>
        </test-method> <!-- ensureUserLoggedIn -->
        <test-method signature="testDeleteFromCart()[pri:0, instance:com.demoblaze.tests.CartTest@130d63be]" started-at="2025-09-06T15:43:09 IST" name="testDeleteFromCart" description="TC_CART_002: Verify deleting item from cart - Essential cart deletion functionality test" finished-at="2025-09-06T15:43:34 IST" depends-on-methods="com.demoblaze.tests.SignUpTest.testLoginAfterRegistration" duration-ms="25841" status="PASS">
          <reporter-output>
          </reporter-output>
        </test-method> <!-- testDeleteFromCart -->
        <test-method is-config="true" signature="tearDown()[pri:0, instance:com.demoblaze.tests.CartTest@130d63be]" started-at="2025-09-06T15:43:34 IST" name="tearDown" finished-at="2025-09-06T15:43:35 IST" duration-ms="168" status="PASS">
          <reporter-output>
          </reporter-output>
        </test-method> <!-- tearDown -->
      </class> <!-- com.demoblaze.tests.CartTest -->
    </test> <!-- Core Functionality Tests -->
    <test started-at="2025-09-06T15:43:59 IST" name="Navigation and UI Tests" finished-at="2025-09-06T15:45:27 IST" duration-ms="87587">
      <class name="com.demoblaze.tests.NavbarTest">
        <test-method is-config="true" signature="setUp(java.lang.String)[pri:0, instance:com.demoblaze.tests.NavbarTest@798162bc]" started-at="2025-09-06T15:45:15 IST" name="setUp" finished-at="2025-09-06T15:45:17 IST" duration-ms="1992" status="PASS">
          <params>
            <param index="0">
              <value is-null="true"/>
            </param>
          </params>
          <reporter-output>
          </reporter-output>
        </test-method> <!-- setUp -->
        <test-method signature="testAboutUsButton()[pri:0, instance:com.demoblaze.tests.NavbarTest@798162bc]" started-at="2025-09-06T15:45:17 IST" name="testAboutUsButton" description="TC_NAVBAR_003: Verify About us button functionality - Essential about us button test" finished-at="2025-09-06T15:45:18 IST" duration-ms="1078" status="PASS">
          <reporter-output>
          </reporter-output>
        </test-method> <!-- testAboutUsButton -->
        <test-method is-config="true" signature="tearDown()[pri:0, instance:com.demoblaze.tests.NavbarTest@798162bc]" started-at="2025-09-06T15:45:18 IST" name="tearDown" finished-at="2025-09-06T15:45:18 IST" duration-ms="161" status="PASS">
          <reporter-output>
          </reporter-output>
        </test-method> <!-- tearDown -->
        <test-method is-config="true" signature="setUp(java.lang.String)[pri:0, instance:com.demoblaze.tests.NavbarTest@798162bc]" started-at="2025-09-06T15:45:18 IST" name="setUp" finished-at="2025-09-06T15:45:20 IST" duration-ms="2102" status="PASS">
          <params>
            <param index="0">
              <value is-null="true"/>
            </param>
          </params>
          <reporter-output>
          </reporter-output>
        </test-method> <!-- setUp -->
        <test-method signature="testBannerVisibility()[pri:0, instance:com.demoblaze.tests.NavbarTest@798162bc]" started-at="2025-09-06T15:45:20 IST" name="testBannerVisibility" description="TC_NAVBAR_001: Verify banner visibility - Essential banner display test" finished-at="2025-09-06T15:45:20 IST" duration-ms="535" status="PASS">
          <reporter-output>
          </reporter-output>
        </test-method> <!-- testBannerVisibility -->
        <test-method is-config="true" signature="tearDown()[pri:0, instance:com.demoblaze.tests.NavbarTest@798162bc]" started-at="2025-09-06T15:45:20 IST" name="tearDown" finished-at="2025-09-06T15:45:21 IST" duration-ms="164" status="PASS">
          <reporter-output>
          </reporter-output>
        </test-method> <!-- tearDown -->
        <test-method is-config="true" signature="setUp(java.lang.String)[pri:0, instance:com.demoblaze.tests.NavbarTest@798162bc]" started-at="2025-09-06T15:45:21 IST" name="setUp" finished-at="2025-09-06T15:45:23 IST" duration-ms="2033" status="PASS">
          <params>
            <param index="0">
              <value is-null="true"/>
            </param>
          </params>
          <reporter-output>
          </reporter-output>
        </test-method> <!-- setUp -->
        <test-method signature="testContactButton()[pri:0, instance:com.demoblaze.tests.NavbarTest@798162bc]" started-at="2025-09-06T15:45:23 IST" name="testContactButton" description="TC_NAVBAR_002: Verify Contact button functionality - Essential contact button test" finished-at="2025-09-06T15:45:24 IST" duration-ms="1113" status="PASS">
          <reporter-output>
          </reporter-output>
        </test-method> <!-- testContactButton -->
        <test-method is-config="true" signature="tearDown()[pri:0, instance:com.demoblaze.tests.NavbarTest@798162bc]" started-at="2025-09-06T15:45:24 IST" name="tearDown" finished-at="2025-09-06T15:45:24 IST" duration-ms="136" status="PASS">
          <reporter-output>
          </reporter-output>
        </test-method> <!-- tearDown -->
        <test-method is-config="true" signature="setUp(java.lang.String)[pri:0, instance:com.demoblaze.tests.NavbarTest@798162bc]" started-at="2025-09-06T15:45:24 IST" name="setUp" finished-at="2025-09-06T15:45:26 IST" duration-ms="1980" status="PASS">
          <params>
            <param index="0">
              <value is-null="true"/>
            </param>
          </params>
          <reporter-output>
          </reporter-output>
        </test-method> <!-- setUp -->
        <test-method signature="testNavbarElementsVisibility()[pri:0, instance:com.demoblaze.tests.NavbarTest@798162bc]" started-at="2025-09-06T15:45:26 IST" name="testNavbarElementsVisibility" description="TC_NAVBAR_005: Verify navbar elements visibility - Essential navbar elements test" finished-at="2025-09-06T15:45:26 IST" duration-ms="561" status="PASS">
          <reporter-output>
          </reporter-output>
        </test-method> <!-- testNavbarElementsVisibility -->
        <test-method is-config="true" signature="tearDown()[pri:0, instance:com.demoblaze.tests.NavbarTest@798162bc]" started-at="2025-09-06T15:45:26 IST" name="tearDown" finished-at="2025-09-06T15:45:27 IST" duration-ms="135" status="PASS">
          <reporter-output>
          </reporter-output>
        </test-method> <!-- tearDown -->
      </class> <!-- com.demoblaze.tests.NavbarTest -->
      <class name="com.demoblaze.tests.NavigationTest">
        <test-method is-config="true" signature="setUp(java.lang.String)[pri:0, instance:com.demoblaze.tests.NavigationTest@37313c65]" started-at="2025-09-06T15:43:59 IST" name="setUp" finished-at="2025-09-06T15:44:01 IST" duration-ms="2130" status="PASS">
          <params>
            <param index="0">
              <value is-null="true"/>
            </param>
          </params>
          <reporter-output>
          </reporter-output>
        </test-method> <!-- setUp -->
        <test-method signature="testCategoryNavigation()[pri:0, instance:com.demoblaze.tests.NavigationTest@37313c65]" started-at="2025-09-06T15:44:01 IST" name="testCategoryNavigation" description="TC_NAV_002: Verify category navigation - Essential category navigation test" finished-at="2025-09-06T15:44:02 IST" duration-ms="1205" status="PASS">
          <reporter-output>
          </reporter-output>
        </test-method> <!-- testCategoryNavigation -->
        <test-method is-config="true" signature="tearDown()[pri:0, instance:com.demoblaze.tests.NavigationTest@37313c65]" started-at="2025-09-06T15:44:02 IST" name="tearDown" finished-at="2025-09-06T15:44:02 IST" duration-ms="130" status="PASS">
          <reporter-output>
          </reporter-output>
        </test-method> <!-- tearDown -->
        <test-method is-config="true" signature="setUp(java.lang.String)[pri:0, instance:com.demoblaze.tests.NavigationTest@37313c65]" started-at="2025-09-06T15:44:02 IST" name="setUp" finished-at="2025-09-06T15:44:05 IST" duration-ms="2530" status="PASS">
          <params>
            <param index="0">
              <value is-null="true"/>
            </param>
          </params>
          <reporter-output>
          </reporter-output>
        </test-method> <!-- setUp -->
        <test-method signature="testHomePageNavigation()[pri:0, instance:com.demoblaze.tests.NavigationTest@37313c65]" started-at="2025-09-06T15:44:05 IST" name="testHomePageNavigation" description="TC_NAV_001: Verify home page navigation - Essential home page navigation test" finished-at="2025-09-06T15:44:05 IST" duration-ms="317" status="PASS">
          <reporter-output>
          </reporter-output>
        </test-method> <!-- testHomePageNavigation -->
        <test-method is-config="true" signature="tearDown()[pri:0, instance:com.demoblaze.tests.NavigationTest@37313c65]" started-at="2025-09-06T15:44:05 IST" name="tearDown" finished-at="2025-09-06T15:44:05 IST" duration-ms="149" status="PASS">
          <reporter-output>
          </reporter-output>
        </test-method> <!-- tearDown -->
      </class> <!-- com.demoblaze.tests.NavigationTest -->
      <class name="com.demoblaze.tests.ProductTest">
        <test-method is-config="true" signature="setUp(java.lang.String)[pri:0, instance:com.demoblaze.tests.ProductTest@465232e9]" started-at="2025-09-06T15:44:05 IST" name="setUp" finished-at="2025-09-06T15:44:07 IST" duration-ms="1832" status="PASS">
          <params>
            <param index="0">
              <value is-null="true"/>
            </param>
          </params>
          <reporter-output>
          </reporter-output>
        </test-method> <!-- setUp -->
        <test-method is-config="true" signature="ensureUserLoggedIn()[pri:0, instance:com.demoblaze.tests.ProductTest@465232e9]" started-at="2025-09-06T15:44:07 IST" name="ensureUserLoggedIn" finished-at="2025-09-06T15:44:36 IST" duration-ms="28939" status="PASS">
          <reporter-output>
          </reporter-output>
        </test-method> <!-- ensureUserLoggedIn -->
        <test-method signature="testAddToCartFromProductPage()[pri:0, instance:com.demoblaze.tests.ProductTest@465232e9]" started-at="2025-09-06T15:44:36 IST" name="testAddToCartFromProductPage" description="TC_PROD_001: Verify add to cart functionality - Essential product add to cart test" finished-at="2025-09-06T15:44:42 IST" duration-ms="5827" status="PASS">
          <reporter-output>
          </reporter-output>
        </test-method> <!-- testAddToCartFromProductPage -->
        <test-method is-config="true" signature="tearDown()[pri:0, instance:com.demoblaze.tests.ProductTest@465232e9]" started-at="2025-09-06T15:44:42 IST" name="tearDown" finished-at="2025-09-06T15:44:42 IST" duration-ms="189" status="PASS">
          <reporter-output>
          </reporter-output>
        </test-method> <!-- tearDown -->
        <test-method is-config="true" signature="setUp(java.lang.String)[pri:0, instance:com.demoblaze.tests.ProductTest@465232e9]" started-at="2025-09-06T15:44:42 IST" name="setUp" finished-at="2025-09-06T15:44:44 IST" duration-ms="2144" status="PASS">
          <params>
            <param index="0">
              <value is-null="true"/>
            </param>
          </params>
          <reporter-output>
          </reporter-output>
        </test-method> <!-- setUp -->
        <test-method is-config="true" signature="ensureUserLoggedIn()[pri:0, instance:com.demoblaze.tests.ProductTest@465232e9]" started-at="2025-09-06T15:44:44 IST" name="ensureUserLoggedIn" finished-at="2025-09-06T15:45:14 IST" duration-ms="29273" status="PASS">
          <reporter-output>
          </reporter-output>
        </test-method> <!-- ensureUserLoggedIn -->
        <test-method signature="testProductCategoriesContent()[pri:0, instance:com.demoblaze.tests.ProductTest@465232e9]" started-at="2025-09-06T15:45:14 IST" name="testProductCategoriesContent" description="TC_PROD_002: Verify product categories contain expected products - Essential product category test" finished-at="2025-09-06T15:45:14 IST" duration-ms="741" status="PASS">
          <reporter-output>
          </reporter-output>
        </test-method> <!-- testProductCategoriesContent -->
        <test-method is-config="true" signature="tearDown()[pri:0, instance:com.demoblaze.tests.ProductTest@465232e9]" started-at="2025-09-06T15:45:14 IST" name="tearDown" finished-at="2025-09-06T15:45:15 IST" duration-ms="178" status="PASS">
          <reporter-output>
          </reporter-output>
        </test-method> <!-- tearDown -->
      </class> <!-- com.demoblaze.tests.ProductTest -->
    </test> <!-- Navigation and UI Tests -->
    <test started-at="2025-09-06T15:45:27 IST" name="User Management Tests" finished-at="2025-09-06T15:46:27 IST" duration-ms="60579">
      <class name="com.demoblaze.tests.UserManagementTest">
        <test-method is-config="true" signature="setUp(java.lang.String)[pri:0, instance:com.demoblaze.tests.UserManagementTest@5d908d47]" started-at="2025-09-06T15:45:27 IST" name="setUp" finished-at="2025-09-06T15:45:28 IST" duration-ms="1865" status="PASS">
          <params>
            <param index="0">
              <value is-null="true"/>
            </param>
          </params>
          <reporter-output>
          </reporter-output>
        </test-method> <!-- setUp -->
        <test-method is-config="true" signature="setUp()[pri:0, instance:com.demoblaze.tests.UserManagementTest@5d908d47]" started-at="2025-09-06T15:45:28 IST" name="setUp" finished-at="2025-09-06T15:45:28 IST" duration-ms="0" status="PASS">
          <reporter-output>
          </reporter-output>
        </test-method> <!-- setUp -->
        <test-method signature="testUserLogout()[pri:0, instance:com.demoblaze.tests.UserManagementTest@5d908d47]" started-at="2025-09-06T15:45:28 IST" name="testUserLogout" description="TC_USER_002: Verify user logout functionality - Essential user logout test" finished-at="2025-09-06T15:45:58 IST" duration-ms="29139" status="PASS">
          <reporter-output>
          </reporter-output>
        </test-method> <!-- testUserLogout -->
        <test-method is-config="true" signature="tearDown()[pri:0, instance:com.demoblaze.tests.UserManagementTest@5d908d47]" started-at="2025-09-06T15:45:58 IST" name="tearDown" finished-at="2025-09-06T15:46:18 IST" duration-ms="20427" status="PASS">
          <reporter-output>
          </reporter-output>
        </test-method> <!-- tearDown -->
        <test-method is-config="true" signature="setUp(java.lang.String)[pri:0, instance:com.demoblaze.tests.UserManagementTest@5d908d47]" started-at="2025-09-06T15:46:18 IST" name="setUp" finished-at="2025-09-06T15:46:19 IST" duration-ms="670" status="PASS">
          <params>
            <param index="0">
              <value is-null="true"/>
            </param>
          </params>
          <reporter-output>
          </reporter-output>
        </test-method> <!-- setUp -->
        <test-method is-config="true" signature="setUp()[pri:0, instance:com.demoblaze.tests.UserManagementTest@5d908d47]" started-at="2025-09-06T15:46:19 IST" name="setUp" finished-at="2025-09-06T15:46:19 IST" duration-ms="0" status="PASS">
          <reporter-output>
          </reporter-output>
        </test-method> <!-- setUp -->
        <test-method signature="testUserRegistrationWithUniqueUsername()[pri:0, instance:com.demoblaze.tests.UserManagementTest@5d908d47]" started-at="2025-09-06T15:46:19 IST" name="testUserRegistrationWithUniqueUsername" description="TC_USER_001: Verify user registration with unique username - Essential user registration test" finished-at="2025-09-06T15:46:27 IST" duration-ms="8064" status="PASS">
          <reporter-output>
          </reporter-output>
        </test-method> <!-- testUserRegistrationWithUniqueUsername -->
        <test-method is-config="true" signature="tearDown()[pri:0, instance:com.demoblaze.tests.UserManagementTest@5d908d47]" started-at="2025-09-06T15:46:27 IST" name="tearDown" finished-at="2025-09-06T15:46:27 IST" duration-ms="408" status="PASS">
          <reporter-output>
          </reporter-output>
        </test-method> <!-- tearDown -->
      </class> <!-- com.demoblaze.tests.UserManagementTest -->
    </test> <!-- User Management Tests -->
    <test started-at="2025-09-06T15:46:27 IST" name="Negative Testing" finished-at="2025-09-06T15:47:00 IST" duration-ms="32826">
      <class name="com.demoblaze.tests.NegativeTest">
        <test-method is-config="true" signature="setUp(java.lang.String)[pri:0, instance:com.demoblaze.tests.NegativeTest@2d29b4ee]" started-at="2025-09-06T15:46:27 IST" name="setUp" finished-at="2025-09-06T15:46:27 IST" duration-ms="45" status="PASS">
          <params>
            <param index="0">
              <value is-null="true"/>
            </param>
          </params>
          <reporter-output>
          </reporter-output>
        </test-method> <!-- setUp -->
        <test-method signature="testLoginWithInvalidUsername()[pri:0, instance:com.demoblaze.tests.NegativeTest@2d29b4ee]" started-at="2025-09-06T15:46:27 IST" name="testLoginWithInvalidUsername" description="TC_NEG_001: Verify login with invalid username - Essential negative login test" finished-at="2025-09-06T15:47:00 IST" duration-ms="32579" status="PASS">
          <reporter-output>
          </reporter-output>
        </test-method> <!-- testLoginWithInvalidUsername -->
        <test-method is-config="true" signature="tearDown()[pri:0, instance:com.demoblaze.tests.NegativeTest@2d29b4ee]" started-at="2025-09-06T15:47:00 IST" name="tearDown" finished-at="2025-09-06T15:47:00 IST" duration-ms="201" status="PASS">
          <reporter-output>
          </reporter-output>
        </test-method> <!-- tearDown -->
      </class> <!-- com.demoblaze.tests.NegativeTest -->
    </test> <!-- Negative Testing -->
  </suite> <!-- DemoBlaze Essential Test Suite -->
</testng-results>
